<?xml version="1.0" encoding="UTF-8"?>
<testsuite name="week6.Week6ApplicationTests" tests="1" skipped="0" failures="0" errors="0" timestamp="2025-07-10T10:37:25.109Z" hostname="gimtaeuui-MacBookPro.local" time="0.274">
  <properties/>
  <testcase name="contextLoads()" classname="week6.Week6ApplicationTests" time="0.274"/>
  <system-out><![CDATA[19:37:18.005 [Test worker] INFO org.springframework.test.context.support.AnnotationConfigContextLoaderUtils -- Could not detect default configuration classes for test class [week6.Week6ApplicationTests]: Week6ApplicationTests does not declare any static, non-private, non-final, nested classes annotated with @Configuration.
19:37:18.044 [Test worker] INFO org.springframework.boot.test.context.SpringBootTestContextBootstrapper -- Found @SpringBootConfiguration week6.Week6Application for test class week6.Week6ApplicationTests

  .   ____          _            __ _ _
 /\\ / ___'_ __ _ _(_)_ __  __ _ \ \ \ \
( ( )\___ | '_ | '_| | '_ \/ _` | \ \ \ \
 \\/  ___)| |_)| | | | | || (_| |  ) ) ) )
  '  |____| .__|_| |_|_| |_\__, | / / / /
 =========|_|==============|___/=/_/_/_/

 :: Spring Boot ::                (v3.5.3)

2025-07-10T19:37:18.188+09:00  INFO 97378 --- [week6] [    Test worker] week6.Week6ApplicationTests              : Starting Week6ApplicationTests using Java 21.0.3 with PID 97378 (started by gimtaeu in /Users/gimtaeu/mutsa_week6)
2025-07-10T19:37:18.188+09:00  INFO 97378 --- [week6] [    Test worker] week6.Week6ApplicationTests              : No active profile set, falling back to 1 default profile: "default"
2025-07-10T19:37:18.403+09:00  INFO 97378 --- [week6] [    Test worker] .s.d.r.c.RepositoryConfigurationDelegate : Bootstrapping Spring Data JPA repositories in DEFAULT mode.
2025-07-10T19:37:18.424+09:00  INFO 97378 --- [week6] [    Test worker] .s.d.r.c.RepositoryConfigurationDelegate : Finished Spring Data repository scanning in 17 ms. Found 4 JPA repository interfaces.
2025-07-10T19:37:18.587+09:00  INFO 97378 --- [week6] [    Test worker] o.hibernate.jpa.internal.util.LogHelper  : HHH000204: Processing PersistenceUnitInfo [name: default]
2025-07-10T19:37:18.602+09:00  INFO 97378 --- [week6] [    Test worker] org.hibernate.Version                    : HHH000412: Hibernate ORM core version 6.6.18.Final
2025-07-10T19:37:18.612+09:00  INFO 97378 --- [week6] [    Test worker] o.h.c.internal.RegionFactoryInitiator    : HHH000026: Second-level cache disabled
2025-07-10T19:37:18.705+09:00  INFO 97378 --- [week6] [    Test worker] o.s.o.j.p.SpringPersistenceUnitInfo      : No LoadTimeWeaver setup: ignoring JPA class transformer
2025-07-10T19:37:18.715+09:00  INFO 97378 --- [week6] [    Test worker] com.zaxxer.hikari.HikariDataSource       : HikariPool-1 - Starting...
2025-07-10T19:37:20.761+09:00  INFO 97378 --- [week6] [    Test worker] com.zaxxer.hikari.pool.HikariPool        : HikariPool-1 - Added connection com.mysql.cj.jdbc.ConnectionImpl@105ffc58
2025-07-10T19:37:20.765+09:00  INFO 97378 --- [week6] [    Test worker] com.zaxxer.hikari.HikariDataSource       : HikariPool-1 - Start completed.
2025-07-10T19:37:20.942+09:00  WARN 97378 --- [week6] [    Test worker] org.hibernate.orm.deprecation            : HHH90000025: MySQL8Dialect does not need to be specified explicitly using 'hibernate.dialect' (remove the property setting and it will be selected by default)
2025-07-10T19:37:20.943+09:00  WARN 97378 --- [week6] [    Test worker] org.hibernate.orm.deprecation            : HHH90000026: MySQL8Dialect has been deprecated; use org.hibernate.dialect.MySQLDialect instead
2025-07-10T19:37:20.951+09:00  INFO 97378 --- [week6] [    Test worker] org.hibernate.orm.connections.pooling    : HHH10001005: Database info:
	Database JDBC URL [Connecting through datasource 'HikariDataSource (HikariPool-1)']
	Database driver: undefined/unknown
	Database version: 8.0
	Autocommit mode: undefined/unknown
	Isolation level: undefined/unknown
	Minimum pool size: undefined/unknown
	Maximum pool size: undefined/unknown
2025-07-10T19:37:21.271+09:00  INFO 97378 --- [week6] [    Test worker] o.h.e.t.j.p.i.JtaPlatformInitiator       : HHH000489: No JTA platform available (set 'hibernate.transaction.jta.platform' to enable JTA platform integration)
2025-07-10T19:37:22.948+09:00  INFO 97378 --- [week6] [    Test worker] j.LocalContainerEntityManagerFactoryBean : Initialized JPA EntityManagerFactory for persistence unit 'default'
2025-07-10T19:37:23.101+09:00  WARN 97378 --- [week6] [    Test worker] JpaBaseConfiguration$JpaWebConfiguration : spring.jpa.open-in-view is enabled by default. Therefore, database queries may be performed during view rendering. Explicitly configure spring.jpa.open-in-view to disable this warning
2025-07-10T19:37:23.195+09:00  WARN 97378 --- [week6] [    Test worker] ion$DefaultTemplateResolverConfiguration : Cannot find template location: classpath:/templates/ (please add some templates, check your Thymeleaf configuration, or set spring.thymeleaf.check-template-location=false)
2025-07-10T19:37:23.250+09:00  INFO 97378 --- [week6] [    Test worker] week6.Week6ApplicationTests              : Started Week6ApplicationTests in 5.153 seconds (process running for 5.587)
Hibernate: insert into product (category,description,price,product_name) values (?,?,?,?)
Hibernate: insert into product (category,description,price,product_name) values (?,?,?,?)
Hibernate: insert into cart (user_id) values (?)
]]></system-out>
  <system-err><![CDATA[Mockito is currently self-attaching to enable the inline-mock-maker. This will no longer work in future releases of the JDK. Please add Mockito as an agent to your build as described in Mockito's documentation: https://javadoc.io/doc/org.mockito/mockito-core/latest/org.mockito/org/mockito/Mockito.html#0.3
WARNING: A Java agent has been loaded dynamically (/Users/gimtaeu/.gradle/caches/modules-2/files-2.1/net.bytebuddy/byte-buddy-agent/1.17.6/17b32fd9f57deef02842f7f05abc4ad8127fe34e/byte-buddy-agent-1.17.6.jar)
WARNING: If a serviceability tool is in use, please run with -XX:+EnableDynamicAgentLoading to hide this warning
WARNING: If a serviceability tool is not in use, please run with -Djdk.instrument.traceUsage for more information
WARNING: Dynamic loading of agents will be disallowed by default in a future release
]]></system-err>
</testsuite>
