<?xml version="1.0" encoding="UTF-8"?>
<testsuite name="week6.Week6ApplicationTests" tests="1" skipped="0" failures="0" errors="0" timestamp="2025-07-16T04:34:23.326Z" hostname="LAPTOP-9Q0B7UPK" time="0.829">
  <properties/>
  <testcase name="contextLoads()" classname="week6.Week6ApplicationTests" time="0.829"/>
  <system-out><![CDATA[13:34:06.318 [Test worker] INFO org.springframework.test.context.support.AnnotationConfigContextLoaderUtils -- Could not detect default configuration classes for test class [week6.Week6ApplicationTests]: Week6ApplicationTests does not declare any static, non-private, non-final, nested classes annotated with @Configuration.
13:34:06.861 [Test worker] INFO org.springframework.boot.test.context.SpringBootTestContextBootstrapper -- Found @SpringBootConfiguration week6.Week6Application for test class week6.Week6ApplicationTests

  .   ____          _            __ _ _
 /\\ / ___'_ __ _ _(_)_ __  __ _ \ \ \ \
( ( )\___ | '_ | '_| | '_ \/ _` | \ \ \ \
 \\/  ___)| |_)| | | | | || (_| |  ) ) ) )
  '  |____| .__|_| |_|_| |_\__, | / / / /
 =========|_|==============|___/=/_/_/_/

 :: Spring Boot ::                (v3.5.3)

2025-07-16T13:34:08.599+09:00  INFO 22952 --- [week6] [    Test worker] week6.Week6ApplicationTests              : Starting Week6ApplicationTests using Java 21.0.2 with PID 22952 (started by shina in C:\Users\shina\Desktop\study\mutsastudy\mutsa_week6)
2025-07-16T13:34:08.611+09:00  INFO 22952 --- [week6] [    Test worker] week6.Week6ApplicationTests              : The following 1 profile is active: "test"
2025-07-16T13:34:10.537+09:00  INFO 22952 --- [week6] [    Test worker] .s.d.r.c.RepositoryConfigurationDelegate : Bootstrapping Spring Data JPA repositories in DEFAULT mode.
2025-07-16T13:34:10.845+09:00  INFO 22952 --- [week6] [    Test worker] .s.d.r.c.RepositoryConfigurationDelegate : Finished Spring Data repository scanning in 272 ms. Found 4 JPA repository interfaces.
2025-07-16T13:34:12.750+09:00  INFO 22952 --- [week6] [    Test worker] o.hibernate.jpa.internal.util.LogHelper  : HHH000204: Processing PersistenceUnitInfo [name: default]
2025-07-16T13:34:12.958+09:00  INFO 22952 --- [week6] [    Test worker] org.hibernate.Version                    : HHH000412: Hibernate ORM core version 6.6.18.Final
2025-07-16T13:34:13.111+09:00  INFO 22952 --- [week6] [    Test worker] o.h.c.internal.RegionFactoryInitiator    : HHH000026: Second-level cache disabled
2025-07-16T13:34:14.218+09:00  INFO 22952 --- [week6] [    Test worker] o.s.o.j.p.SpringPersistenceUnitInfo      : No LoadTimeWeaver setup: ignoring JPA class transformer
2025-07-16T13:34:14.350+09:00  INFO 22952 --- [week6] [    Test worker] com.zaxxer.hikari.HikariDataSource       : HikariPool-1 - Starting...
2025-07-16T13:34:16.117+09:00  INFO 22952 --- [week6] [    Test worker] com.zaxxer.hikari.pool.HikariPool        : HikariPool-1 - Added connection com.mysql.cj.jdbc.ConnectionImpl@103e7c7c
2025-07-16T13:34:16.125+09:00  INFO 22952 --- [week6] [    Test worker] com.zaxxer.hikari.HikariDataSource       : HikariPool-1 - Start completed.
2025-07-16T13:34:16.287+09:00  WARN 22952 --- [week6] [    Test worker] org.hibernate.orm.deprecation            : HHH90000025: MySQL8Dialect does not need to be specified explicitly using 'hibernate.dialect' (remove the property setting and it will be selected by default)
2025-07-16T13:34:16.292+09:00  WARN 22952 --- [week6] [    Test worker] org.hibernate.orm.deprecation            : HHH90000026: MySQL8Dialect has been deprecated; use org.hibernate.dialect.MySQLDialect instead
2025-07-16T13:34:16.374+09:00  INFO 22952 --- [week6] [    Test worker] org.hibernate.orm.connections.pooling    : HHH10001005: Database info:
	Database JDBC URL [Connecting through datasource 'HikariDataSource (HikariPool-1)']
	Database driver: undefined/unknown
	Database version: 8.0
	Autocommit mode: undefined/unknown
	Isolation level: undefined/unknown
	Minimum pool size: undefined/unknown
	Maximum pool size: undefined/unknown
2025-07-16T13:34:19.952+09:00  INFO 22952 --- [week6] [    Test worker] o.h.e.t.j.p.i.JtaPlatformInitiator       : HHH000489: No JTA platform available (set 'hibernate.transaction.jta.platform' to enable JTA platform integration)
2025-07-16T13:34:20.271+09:00  INFO 22952 --- [week6] [    Test worker] j.LocalContainerEntityManagerFactoryBean : Initialized JPA EntityManagerFactory for persistence unit 'default'
2025-07-16T13:34:21.828+09:00  WARN 22952 --- [week6] [    Test worker] JpaBaseConfiguration$JpaWebConfiguration : spring.jpa.open-in-view is enabled by default. Therefore, database queries may be performed during view rendering. Explicitly configure spring.jpa.open-in-view to disable this warning
2025-07-16T13:34:22.844+09:00  WARN 22952 --- [week6] [    Test worker] ion$DefaultTemplateResolverConfiguration : Cannot find template location: classpath:/templates/ (please add some templates, check your Thymeleaf configuration, or set spring.thymeleaf.check-template-location=false)
2025-07-16T13:34:23.291+09:00  INFO 22952 --- [week6] [    Test worker] week6.Week6ApplicationTests              : Started Week6ApplicationTests in 15.918 seconds (process running for 20.804)
]]></system-out>
  <system-err><![CDATA[Mockito is currently self-attaching to enable the inline-mock-maker. This will no longer work in future releases of the JDK. Please add Mockito as an agent to your build as described in Mockito's documentation: https://javadoc.io/doc/org.mockito/mockito-core/latest/org.mockito/org/mockito/Mockito.html#0.3
WARNING: A Java agent has been loaded dynamically (C:\Users\shina\.gradle\caches\modules-2\files-2.1\net.bytebuddy\byte-buddy-agent\1.17.6\17b32fd9f57deef02842f7f05abc4ad8127fe34e\byte-buddy-agent-1.17.6.jar)
WARNING: If a serviceability tool is in use, please run with -XX:+EnableDynamicAgentLoading to hide this warning
WARNING: If a serviceability tool is not in use, please run with -Djdk.instrument.traceUsage for more information
WARNING: Dynamic loading of agents will be disallowed by default in a future release
]]></system-err>
</testsuite>
